Determining if the Q_WS_WIN exist failed with the following output:
Change Dir: /home/space/Projects/lennardNet/build/CMakeFiles/CMakeTmp

Run Build Command:"/bin/gmake" "cmTryCompileExec1151012853/fast"
/bin/gmake -f CMakeFiles/cmTryCompileExec1151012853.dir/build.make CMakeFiles/cmTryCompileExec1151012853.dir/build
gmake[1]: Entering directory '/home/space/Projects/lennardNet/build/CMakeFiles/CMakeTmp'
/usr/bin/cmake -E cmake_progress_report /home/space/Projects/lennardNet/build/CMakeFiles/CMakeTmp/CMakeFiles 1
Building CXX object CMakeFiles/cmTryCompileExec1151012853.dir/CheckSymbolExists.cxx.o
/bin/c++     -o CMakeFiles/cmTryCompileExec1151012853.dir/CheckSymbolExists.cxx.o -c /home/space/Projects/lennardNet/build/CMakeFiles/CMakeTmp/CheckSymbolExists.cxx
/home/space/Projects/lennardNet/build/CMakeFiles/CMakeTmp/CheckSymbolExists.cxx: In function ‘int main(int, char**)’:
/home/space/Projects/lennardNet/build/CMakeFiles/CMakeTmp/CheckSymbolExists.cxx:8:19: error: ‘Q_WS_WIN’ was not declared in this scope
   return ((int*)(&Q_WS_WIN))[argc];
                   ^
CMakeFiles/cmTryCompileExec1151012853.dir/build.make:57: recipe for target 'CMakeFiles/cmTryCompileExec1151012853.dir/CheckSymbolExists.cxx.o' failed
gmake[1]: Leaving directory '/home/space/Projects/lennardNet/build/CMakeFiles/CMakeTmp'
gmake[1]: *** [CMakeFiles/cmTryCompileExec1151012853.dir/CheckSymbolExists.cxx.o] Error 1
Makefile:118: recipe for target 'cmTryCompileExec1151012853/fast' failed
gmake: *** [cmTryCompileExec1151012853/fast] Error 2

File /home/space/Projects/lennardNet/build/CMakeFiles/CMakeTmp/CheckSymbolExists.cxx:
/* */
#include <QtCore/qglobal.h>

int main(int argc, char** argv)
{
  (void)argv;
#ifndef Q_WS_WIN
  return ((int*)(&Q_WS_WIN))[argc];
#else
  (void)argc;
  return 0;
#endif
}

Determining if the Q_WS_QWS exist failed with the following output:
Change Dir: /home/space/Projects/lennardNet/build/CMakeFiles/CMakeTmp

Run Build Command:"/bin/gmake" "cmTryCompileExec1515071107/fast"
/bin/gmake -f CMakeFiles/cmTryCompileExec1515071107.dir/build.make CMakeFiles/cmTryCompileExec1515071107.dir/build
gmake[1]: Entering directory '/home/space/Projects/lennardNet/build/CMakeFiles/CMakeTmp'
/usr/bin/cmake -E cmake_progress_report /home/space/Projects/lennardNet/build/CMakeFiles/CMakeTmp/CMakeFiles 1
Building CXX object CMakeFiles/cmTryCompileExec1515071107.dir/CheckSymbolExists.cxx.o
/bin/c++     -o CMakeFiles/cmTryCompileExec1515071107.dir/CheckSymbolExists.cxx.o -c /home/space/Projects/lennardNet/build/CMakeFiles/CMakeTmp/CheckSymbolExists.cxx
/home/space/Projects/lennardNet/build/CMakeFiles/CMakeTmp/CheckSymbolExists.cxx: In function ‘int main(int, char**)’:
/home/space/Projects/lennardNet/build/CMakeFiles/CMakeTmp/CheckSymbolExists.cxx:8:19: error: ‘Q_WS_QWS’ was not declared in this scope
   return ((int*)(&Q_WS_QWS))[argc];
                   ^
CMakeFiles/cmTryCompileExec1515071107.dir/build.make:57: recipe for target 'CMakeFiles/cmTryCompileExec1515071107.dir/CheckSymbolExists.cxx.o' failed
gmake[1]: *** [CMakeFiles/cmTryCompileExec1515071107.dir/CheckSymbolExists.cxx.o] Error 1
gmake[1]: Leaving directory '/home/space/Projects/lennardNet/build/CMakeFiles/CMakeTmp'
Makefile:118: recipe for target 'cmTryCompileExec1515071107/fast' failed
gmake: *** [cmTryCompileExec1515071107/fast] Error 2

File /home/space/Projects/lennardNet/build/CMakeFiles/CMakeTmp/CheckSymbolExists.cxx:
/* */
#include <QtCore/qglobal.h>

int main(int argc, char** argv)
{
  (void)argv;
#ifndef Q_WS_QWS
  return ((int*)(&Q_WS_QWS))[argc];
#else
  (void)argc;
  return 0;
#endif
}

Determining if the Q_WS_MAC exist failed with the following output:
Change Dir: /home/space/Projects/lennardNet/build/CMakeFiles/CMakeTmp

Run Build Command:"/bin/gmake" "cmTryCompileExec3635424497/fast"
/bin/gmake -f CMakeFiles/cmTryCompileExec3635424497.dir/build.make CMakeFiles/cmTryCompileExec3635424497.dir/build
gmake[1]: Entering directory '/home/space/Projects/lennardNet/build/CMakeFiles/CMakeTmp'
/usr/bin/cmake -E cmake_progress_report /home/space/Projects/lennardNet/build/CMakeFiles/CMakeTmp/CMakeFiles 1
Building CXX object CMakeFiles/cmTryCompileExec3635424497.dir/CheckSymbolExists.cxx.o
/bin/c++     -o CMakeFiles/cmTryCompileExec3635424497.dir/CheckSymbolExists.cxx.o -c /home/space/Projects/lennardNet/build/CMakeFiles/CMakeTmp/CheckSymbolExists.cxx
/home/space/Projects/lennardNet/build/CMakeFiles/CMakeTmp/CheckSymbolExists.cxx: In function ‘int main(int, char**)’:
/home/space/Projects/lennardNet/build/CMakeFiles/CMakeTmp/CheckSymbolExists.cxx:8:19: error: ‘Q_WS_MAC’ was not declared in this scope
   return ((int*)(&Q_WS_MAC))[argc];
                   ^
CMakeFiles/cmTryCompileExec3635424497.dir/build.make:57: recipe for target 'CMakeFiles/cmTryCompileExec3635424497.dir/CheckSymbolExists.cxx.o' failed
gmake[1]: Leaving directory '/home/space/Projects/lennardNet/build/CMakeFiles/CMakeTmp'
gmake[1]: *** [CMakeFiles/cmTryCompileExec3635424497.dir/CheckSymbolExists.cxx.o] Error 1
Makefile:118: recipe for target 'cmTryCompileExec3635424497/fast' failed
gmake: *** [cmTryCompileExec3635424497/fast] Error 2

File /home/space/Projects/lennardNet/build/CMakeFiles/CMakeTmp/CheckSymbolExists.cxx:
/* */
#include <QtCore/qglobal.h>

int main(int argc, char** argv)
{
  (void)argv;
#ifndef Q_WS_MAC
  return ((int*)(&Q_WS_MAC))[argc];
#else
  (void)argc;
  return 0;
#endif
}

